<?xml version="1.0" encoding="UTF-8"?>
<coverage generated="1603937497601" clover="3.2.0">
  <project timestamp="1603937497601" name="All files">
    <metrics statements="104" coveredstatements="92" conditionals="22" coveredconditionals="15" methods="25" coveredmethods="21" elements="151" coveredelements="128" complexity="0" loc="104" ncloc="104" packages="1" files="2" classes="2"/>
    <file name="index.js" path="C:\Users\laira\JAVASCRIPT\LIM013-fe-md-links\index.js">
      <metrics statements="26" coveredstatements="17" conditionals="12" coveredconditionals="9" methods="5" coveredmethods="2"/>
      <line num="2" count="1" type="stmt"/>
      <line num="3" count="1" type="stmt"/>
      <line num="4" count="1" type="stmt"/>
      <line num="6" count="1" type="stmt"/>
      <line num="8" count="1" type="stmt"/>
      <line num="9" count="4" type="stmt"/>
      <line num="10" count="4" type="stmt"/>
      <line num="11" count="4" type="cond" truecount="1" falsecount="1"/>
      <line num="12" count="0" type="stmt"/>
      <line num="14" count="4" type="stmt"/>
      <line num="16" count="4" type="cond" truecount="4" falsecount="0"/>
      <line num="17" count="1" type="stmt"/>
      <line num="18" count="0" type="stmt"/>
      <line num="19" count="0" type="stmt"/>
      <line num="20" count="0" type="cond" truecount="0" falsecount="2"/>
      <line num="21" count="0" type="stmt"/>
      <line num="25" count="0" type="stmt"/>
      <line num="26" count="0" type="stmt"/>
      <line num="27" count="0" type="stmt"/>
      <line num="29" count="3" type="cond" truecount="2" falsecount="0"/>
      <line num="30" count="1" type="stmt"/>
      <line num="31" count="0" type="stmt"/>
      <line num="33" count="2" type="cond" truecount="2" falsecount="0"/>
      <line num="34" count="1" type="stmt"/>
      <line num="36" count="1" type="stmt"/>
      <line num="50" count="1" type="stmt"/>
    </file>
    <file name="utils.js" path="C:\Users\laira\JAVASCRIPT\LIM013-fe-md-links\utils.js">
      <metrics statements="78" coveredstatements="75" conditionals="10" coveredconditionals="6" methods="20" coveredmethods="19"/>
      <line num="1" count="1" type="stmt"/>
      <line num="2" count="1" type="stmt"/>
      <line num="3" count="1" type="stmt"/>
      <line num="4" count="1" type="stmt"/>
      <line num="5" count="1" type="stmt"/>
      <line num="6" count="1" type="stmt"/>
      <line num="7" count="1" type="stmt"/>
      <line num="8" count="1" type="stmt"/>
      <line num="10" count="1" type="stmt"/>
      <line num="11" count="1" type="stmt"/>
      <line num="13" count="1" type="stmt"/>
      <line num="14" count="1" type="stmt"/>
      <line num="15" count="1" type="stmt"/>
      <line num="16" count="1" type="stmt"/>
      <line num="17" count="1" type="stmt"/>
      <line num="20" count="11" type="stmt"/>
      <line num="22" count="1" type="stmt"/>
      <line num="23" count="11" type="stmt"/>
      <line num="24" count="11" type="stmt"/>
      <line num="27" count="11" type="stmt"/>
      <line num="30" count="54" type="stmt"/>
      <line num="32" count="1" type="stmt"/>
      <line num="33" count="22" type="stmt"/>
      <line num="34" count="22" type="stmt"/>
      <line num="35" count="22" type="stmt"/>
      <line num="36" count="44" type="stmt"/>
      <line num="37" count="44" type="cond" truecount="2" falsecount="0"/>
      <line num="38" count="11" type="stmt"/>
      <line num="39" count="11" type="stmt"/>
      <line num="40" count="11" type="stmt"/>
      <line num="42" count="33" type="stmt"/>
      <line num="45" count="22" type="stmt"/>
      <line num="49" count="30" type="stmt"/>
      <line num="52" count="1" type="stmt"/>
      <line num="53" count="10" type="cond" truecount="1" falsecount="1"/>
      <line num="54" count="0" type="stmt"/>
      <line num="56" count="10" type="cond" truecount="1" falsecount="1"/>
      <line num="57" count="10" type="stmt"/>
      <line num="59" count="10" type="stmt"/>
      <line num="60" count="10" type="cond" truecount="1" falsecount="1"/>
      <line num="61" count="10" type="stmt"/>
      <line num="63" count="30" type="stmt"/>
      <line num="69" count="1" type="stmt"/>
      <line num="70" count="11" type="stmt"/>
      <line num="71" count="11" type="stmt"/>
      <line num="72" count="11" type="stmt"/>
      <line num="73" count="11" type="stmt"/>
      <line num="74" count="11" type="stmt"/>
      <line num="75" count="17" type="stmt"/>
      <line num="82" count="11" type="stmt"/>
      <line num="86" count="1" type="stmt"/>
      <line num="87" count="5" type="stmt"/>
      <line num="88" count="5" type="stmt"/>
      <line num="89" count="5" type="stmt"/>
      <line num="90" count="10" type="stmt"/>
      <line num="91" count="10" type="stmt"/>
      <line num="93" count="5" type="stmt"/>
      <line num="98" count="1" type="stmt"/>
      <line num="99" count="4" type="stmt"/>
      <line num="100" count="4" type="stmt"/>
      <line num="101" count="10" type="stmt"/>
      <line num="104" count="0" type="stmt"/>
      <line num="111" count="0" type="stmt"/>
      <line num="114" count="3" type="stmt"/>
      <line num="121" count="3" type="stmt"/>
      <line num="125" count="4" type="stmt"/>
      <line num="135" count="1" type="stmt"/>
      <line num="136" count="2" type="stmt"/>
      <line num="137" count="2" type="stmt"/>
      <line num="138" count="4" type="stmt"/>
      <line num="141" count="2" type="stmt"/>
      <line num="142" count="2" type="stmt"/>
      <line num="143" count="4" type="cond" truecount="1" falsecount="1"/>
      <line num="144" count="4" type="stmt"/>
      <line num="145" count="4" type="stmt"/>
      <line num="149" count="2" type="stmt"/>
      <line num="153" count="2" type="stmt"/>
      <line num="157" count="1" type="stmt"/>
    </file>
  </project>
</coverage>
