{"C:\\Users\\laira\\JAVASCRIPT\\LIM013-fe-md-links\\index.js": {"path":"C:\\Users\\laira\\JAVASCRIPT\\LIM013-fe-md-links\\index.js","statementMap":{"0":{"start":{"line":2,"column":60},"end":{"line":2,"column":82}},"1":{"start":{"line":3,"column":15},"end":{"line":3,"column":27}},"2":{"start":{"line":4,"column":14},"end":{"line":4,"column":74}},"3":{"start":{"line":6,"column":14},"end":{"line":6,"column":30}},"4":{"start":{"line":8,"column":16},"end":{"line":40,"column":1}},"5":{"start":{"line":9,"column":3},"end":{"line":39,"column":4}},"6":{"start":{"line":10,"column":21},"end":{"line":10,"column":36}},"7":{"start":{"line":11,"column":5},"end":{"line":38,"column":6}},"8":{"start":{"line":12,"column":8},"end":{"line":12,"column":39}},"9":{"start":{"line":14,"column":8},"end":{"line":14,"column":32}},"10":{"start":{"line":16,"column":8},"end":{"line":37,"column":9}},"11":{"start":{"line":17,"column":12},"end":{"line":28,"column":15}},"12":{"start":{"line":18,"column":28},"end":{"line":18,"column":30}},"13":{"start":{"line":19,"column":15},"end":{"line":23,"column":17}},"14":{"start":{"line":20,"column":18},"end":{"line":22,"column":19}},"15":{"start":{"line":21,"column":21},"end":{"line":21,"column":36}},"16":{"start":{"line":25,"column":29},"end":{"line":25,"column":41}},"17":{"start":{"line":26,"column":15},"end":{"line":26,"column":45}},"18":{"start":{"line":27,"column":15},"end":{"line":27,"column":33}},"19":{"start":{"line":29,"column":16},"end":{"line":37,"column":9}},"20":{"start":{"line":30,"column":11},"end":{"line":32,"column":14}},"21":{"start":{"line":31,"column":12},"end":{"line":31,"column":25}},"22":{"start":{"line":33,"column":17},"end":{"line":37,"column":9}},"23":{"start":{"line":34,"column":12},"end":{"line":34,"column":34}},"24":{"start":{"line":36,"column":11},"end":{"line":36,"column":26}},"25":{"start":{"line":50,"column":0},"end":{"line":50,"column":26}}},"fnMap":{"0":{"name":"(anonymous_0)","decl":{"start":{"line":8,"column":16},"end":{"line":8,"column":17}},"loc":{"start":{"line":8,"column":33},"end":{"line":40,"column":1}},"line":8},"1":{"name":"(anonymous_1)","decl":{"start":{"line":9,"column":23},"end":{"line":9,"column":24}},"loc":{"start":{"line":9,"column":44},"end":{"line":39,"column":3}},"line":9},"2":{"name":"(anonymous_2)","decl":{"start":{"line":17,"column":33},"end":{"line":17,"column":34}},"loc":{"start":{"line":17,"column":40},"end":{"line":28,"column":13}},"line":17},"3":{"name":"(anonymous_3)","decl":{"start":{"line":19,"column":27},"end":{"line":19,"column":28}},"loc":{"start":{"line":19,"column":32},"end":{"line":23,"column":16}},"line":19},"4":{"name":"(anonymous_4)","decl":{"start":{"line":30,"column":32},"end":{"line":30,"column":33}},"loc":{"start":{"line":30,"column":39},"end":{"line":32,"column":12}},"line":30}},"branchMap":{"0":{"loc":{"start":{"line":11,"column":5},"end":{"line":38,"column":6}},"type":"if","locations":[{"start":{"line":11,"column":5},"end":{"line":38,"column":6}},{"start":{"line":11,"column":5},"end":{"line":38,"column":6}}],"line":11},"1":{"loc":{"start":{"line":16,"column":8},"end":{"line":37,"column":9}},"type":"if","locations":[{"start":{"line":16,"column":8},"end":{"line":37,"column":9}},{"start":{"line":16,"column":8},"end":{"line":37,"column":9}}],"line":16},"2":{"loc":{"start":{"line":16,"column":12},"end":{"line":16,"column":55}},"type":"binary-expr","locations":[{"start":{"line":16,"column":12},"end":{"line":16,"column":33}},{"start":{"line":16,"column":37},"end":{"line":16,"column":55}}],"line":16},"3":{"loc":{"start":{"line":20,"column":18},"end":{"line":22,"column":19}},"type":"if","locations":[{"start":{"line":20,"column":18},"end":{"line":22,"column":19}},{"start":{"line":20,"column":18},"end":{"line":22,"column":19}}],"line":20},"4":{"loc":{"start":{"line":29,"column":16},"end":{"line":37,"column":9}},"type":"if","locations":[{"start":{"line":29,"column":16},"end":{"line":37,"column":9}},{"start":{"line":29,"column":16},"end":{"line":37,"column":9}}],"line":29},"5":{"loc":{"start":{"line":33,"column":17},"end":{"line":37,"column":9}},"type":"if","locations":[{"start":{"line":33,"column":17},"end":{"line":37,"column":9}},{"start":{"line":33,"column":17},"end":{"line":37,"column":9}}],"line":33}},"s":{"0":1,"1":1,"2":1,"3":1,"4":1,"5":4,"6":4,"7":4,"8":0,"9":4,"10":4,"11":1,"12":0,"13":0,"14":0,"15":0,"16":0,"17":0,"18":0,"19":3,"20":1,"21":0,"22":2,"23":1,"24":1,"25":1},"f":{"0":4,"1":4,"2":0,"3":0,"4":0},"b":{"0":[0,4],"1":[1,3],"2":[4,2],"3":[0,0],"4":[1,2],"5":[1,1]},"_coverageSchema":"1a1c01bbd47fc00a2c39e90264f33305004495a9","hash":"65cd7c2f6a2e6b4be644fc9de8ad438ad0357905"}
,"C:\\Users\\laira\\JAVASCRIPT\\LIM013-fe-md-links\\utils.js": {"path":"C:\\Users\\laira\\JAVASCRIPT\\LIM013-fe-md-links\\utils.js","statementMap":{"0":{"start":{"line":1,"column":11},"end":{"line":1,"column":25}},"1":{"start":{"line":2,"column":13},"end":{"line":2,"column":29}},"2":{"start":{"line":3,"column":19},"end":{"line":3,"column":41}},"3":{"start":{"line":4,"column":5},"end":{"line":4,"column":21}},"4":{"start":{"line":5,"column":14},"end":{"line":5,"column":30}},"5":{"start":{"line":6,"column":16},"end":{"line":6,"column":34}},"6":{"start":{"line":7,"column":20},"end":{"line":7,"column":35}},"7":{"start":{"line":8,"column":18},"end":{"line":8,"column":23}},"8":{"start":{"line":10,"column":14},"end":{"line":10,"column":30}},"9":{"start":{"line":11,"column":14},"end":{"line":11,"column":35}},"10":{"start":{"line":13,"column":14},"end":{"line":13,"column":26}},"11":{"start":{"line":14,"column":14},"end":{"line":14,"column":75}},"12":{"start":{"line":15,"column":14},"end":{"line":15,"column":74}},"13":{"start":{"line":16,"column":15},"end":{"line":16,"column":27}},"14":{"start":{"line":17,"column":14},"end":{"line":17,"column":85}},"15":{"start":{"line":20,"column":16},"end":{"line":20,"column":55}},"16":{"start":{"line":20,"column":27},"end":{"line":20,"column":54}},"17":{"start":{"line":22,"column":20},"end":{"line":25,"column":1}},"18":{"start":{"line":23,"column":20},"end":{"line":23,"column":43}},"19":{"start":{"line":24,"column":6},"end":{"line":24,"column":27}},"20":{"start":{"line":27,"column":16},"end":{"line":27,"column":50}},"21":{"start":{"line":27,"column":24},"end":{"line":27,"column":49}},"22":{"start":{"line":30,"column":15},"end":{"line":30,"column":56}},"23":{"start":{"line":30,"column":24},"end":{"line":30,"column":55}},"24":{"start":{"line":32,"column":19},"end":{"line":46,"column":2}},"25":{"start":{"line":33,"column":15},"end":{"line":33,"column":17}},"26":{"start":{"line":34,"column":24},"end":{"line":34,"column":43}},"27":{"start":{"line":35,"column":3},"end":{"line":44,"column":6}},"28":{"start":{"line":36,"column":6},"end":{"line":36,"column":31}},"29":{"start":{"line":37,"column":6},"end":{"line":43,"column":7}},"30":{"start":{"line":38,"column":27},"end":{"line":38,"column":29}},"31":{"start":{"line":39,"column":9},"end":{"line":39,"column":40}},"32":{"start":{"line":40,"column":9},"end":{"line":40,"column":43}},"33":{"start":{"line":42,"column":9},"end":{"line":42,"column":26}},"34":{"start":{"line":45,"column":3},"end":{"line":45,"column":16}},"35":{"start":{"line":49,"column":13},"end":{"line":49,"column":58}},"36":{"start":{"line":49,"column":24},"end":{"line":49,"column":57}},"37":{"start":{"line":52,"column":19},"end":{"line":65,"column":2}},"38":{"start":{"line":53,"column":3},"end":{"line":64,"column":4}},"39":{"start":{"line":54,"column":6},"end":{"line":54,"column":21}},"40":{"start":{"line":56,"column":6},"end":{"line":58,"column":7}},"41":{"start":{"line":57,"column":9},"end":{"line":57,"column":35}},"42":{"start":{"line":59,"column":23},"end":{"line":59,"column":29}},"43":{"start":{"line":60,"column":6},"end":{"line":62,"column":7}},"44":{"start":{"line":61,"column":9},"end":{"line":61,"column":39}},"45":{"start":{"line":63,"column":6},"end":{"line":63,"column":45}},"46":{"start":{"line":63,"column":36},"end":{"line":63,"column":43}},"47":{"start":{"line":69,"column":17},"end":{"line":83,"column":1}},"48":{"start":{"line":70,"column":20},"end":{"line":70,"column":22}},"49":{"start":{"line":71,"column":20},"end":{"line":71,"column":63}},"50":{"start":{"line":72,"column":15},"end":{"line":72,"column":34}},"51":{"start":{"line":73,"column":17},"end":{"line":73,"column":58}},"52":{"start":{"line":74,"column":3},"end":{"line":81,"column":8}},"53":{"start":{"line":75,"column":9},"end":{"line":80,"column":12}},"54":{"start":{"line":82,"column":3},"end":{"line":82,"column":19}},"55":{"start":{"line":86,"column":19},"end":{"line":94,"column":1}},"56":{"start":{"line":87,"column":19},"end":{"line":87,"column":34}},"57":{"start":{"line":88,"column":15},"end":{"line":88,"column":17}},"58":{"start":{"line":89,"column":3},"end":{"line":92,"column":5}},"59":{"start":{"line":90,"column":26},"end":{"line":90,"column":42}},"60":{"start":{"line":91,"column":6},"end":{"line":91,"column":43}},"61":{"start":{"line":93,"column":3},"end":{"line":93,"column":16}},"62":{"start":{"line":98,"column":17},"end":{"line":126,"column":1}},"63":{"start":{"line":99,"column":22},"end":{"line":99,"column":24}},"64":{"start":{"line":100,"column":17},"end":{"line":124,"column":5}},"65":{"start":{"line":101,"column":6},"end":{"line":123,"column":8}},"66":{"start":{"line":104,"column":27},"end":{"line":110,"column":13}},"67":{"start":{"line":111,"column":12},"end":{"line":111,"column":28}},"68":{"start":{"line":114,"column":27},"end":{"line":120,"column":16}},"69":{"start":{"line":121,"column":15},"end":{"line":121,"column":31}},"70":{"start":{"line":125,"column":3},"end":{"line":125,"column":33}},"71":{"start":{"line":135,"column":14},"end":{"line":154,"column":1}},"72":{"start":{"line":136,"column":22},"end":{"line":136,"column":24}},"73":{"start":{"line":137,"column":17},"end":{"line":139,"column":8}},"74":{"start":{"line":138,"column":6},"end":{"line":138,"column":30}},"75":{"start":{"line":141,"column":23},"end":{"line":141,"column":25}},"76":{"start":{"line":142,"column":3},"end":{"line":147,"column":6}},"77":{"start":{"line":143,"column":6},"end":{"line":146,"column":7}},"78":{"start":{"line":144,"column":8},"end":{"line":144,"column":28}},"79":{"start":{"line":145,"column":8},"end":{"line":145,"column":27}},"80":{"start":{"line":149,"column":19},"end":{"line":152,"column":4}},"81":{"start":{"line":153,"column":3},"end":{"line":153,"column":20}},"82":{"start":{"line":157,"column":0},"end":{"line":157,"column":111}}},"fnMap":{"0":{"name":"(anonymous_0)","decl":{"start":{"line":20,"column":16},"end":{"line":20,"column":17}},"loc":{"start":{"line":20,"column":26},"end":{"line":20,"column":55}},"line":20},"1":{"name":"(anonymous_1)","decl":{"start":{"line":22,"column":20},"end":{"line":22,"column":21}},"loc":{"start":{"line":22,"column":30},"end":{"line":25,"column":1}},"line":22},"2":{"name":"(anonymous_2)","decl":{"start":{"line":27,"column":16},"end":{"line":27,"column":17}},"loc":{"start":{"line":27,"column":23},"end":{"line":27,"column":50}},"line":27},"3":{"name":"(anonymous_3)","decl":{"start":{"line":30,"column":15},"end":{"line":30,"column":16}},"loc":{"start":{"line":30,"column":22},"end":{"line":30,"column":56}},"line":30},"4":{"name":"(anonymous_4)","decl":{"start":{"line":32,"column":19},"end":{"line":32,"column":20}},"loc":{"start":{"line":32,"column":28},"end":{"line":46,"column":2}},"line":32},"5":{"name":"(anonymous_5)","decl":{"start":{"line":35,"column":25},"end":{"line":35,"column":26}},"loc":{"start":{"line":35,"column":35},"end":{"line":44,"column":4}},"line":35},"6":{"name":"(anonymous_6)","decl":{"start":{"line":49,"column":13},"end":{"line":49,"column":14}},"loc":{"start":{"line":49,"column":23},"end":{"line":49,"column":58}},"line":49},"7":{"name":"(anonymous_7)","decl":{"start":{"line":52,"column":19},"end":{"line":52,"column":20}},"loc":{"start":{"line":52,"column":29},"end":{"line":65,"column":2}},"line":52},"8":{"name":"(anonymous_8)","decl":{"start":{"line":63,"column":31},"end":{"line":63,"column":32}},"loc":{"start":{"line":63,"column":36},"end":{"line":63,"column":43}},"line":63},"9":{"name":"(anonymous_9)","decl":{"start":{"line":69,"column":17},"end":{"line":69,"column":18}},"loc":{"start":{"line":69,"column":27},"end":{"line":83,"column":1}},"line":69},"10":{"name":"(anonymous_10)","decl":{"start":{"line":74,"column":17},"end":{"line":74,"column":18}},"loc":{"start":{"line":74,"column":24},"end":{"line":81,"column":7}},"line":74},"11":{"name":"(anonymous_11)","decl":{"start":{"line":86,"column":19},"end":{"line":86,"column":20}},"loc":{"start":{"line":86,"column":28},"end":{"line":94,"column":1}},"line":86},"12":{"name":"(anonymous_12)","decl":{"start":{"line":89,"column":19},"end":{"line":89,"column":20}},"loc":{"start":{"line":89,"column":30},"end":{"line":92,"column":4}},"line":89},"13":{"name":"(anonymous_13)","decl":{"start":{"line":98,"column":17},"end":{"line":98,"column":18}},"loc":{"start":{"line":98,"column":28},"end":{"line":126,"column":1}},"line":98},"14":{"name":"(anonymous_14)","decl":{"start":{"line":100,"column":31},"end":{"line":100,"column":32}},"loc":{"start":{"line":100,"column":38},"end":{"line":124,"column":4}},"line":100},"15":{"name":"(anonymous_15)","decl":{"start":{"line":103,"column":15},"end":{"line":103,"column":16}},"loc":{"start":{"line":103,"column":22},"end":{"line":112,"column":10}},"line":103},"16":{"name":"(anonymous_16)","decl":{"start":{"line":113,"column":16},"end":{"line":113,"column":17}},"loc":{"start":{"line":113,"column":23},"end":{"line":122,"column":7}},"line":113},"17":{"name":"(anonymous_17)","decl":{"start":{"line":135,"column":14},"end":{"line":135,"column":15}},"loc":{"start":{"line":135,"column":25},"end":{"line":154,"column":1}},"line":135},"18":{"name":"(anonymous_18)","decl":{"start":{"line":137,"column":31},"end":{"line":137,"column":32}},"loc":{"start":{"line":137,"column":38},"end":{"line":139,"column":7}},"line":137},"19":{"name":"(anonymous_19)","decl":{"start":{"line":142,"column":22},"end":{"line":142,"column":23}},"loc":{"start":{"line":142,"column":27},"end":{"line":147,"column":5}},"line":142}},"branchMap":{"0":{"loc":{"start":{"line":37,"column":6},"end":{"line":43,"column":7}},"type":"if","locations":[{"start":{"line":37,"column":6},"end":{"line":43,"column":7}},{"start":{"line":37,"column":6},"end":{"line":43,"column":7}}],"line":37},"1":{"loc":{"start":{"line":53,"column":3},"end":{"line":64,"column":4}},"type":"if","locations":[{"start":{"line":53,"column":3},"end":{"line":64,"column":4}},{"start":{"line":53,"column":3},"end":{"line":64,"column":4}}],"line":53},"2":{"loc":{"start":{"line":56,"column":6},"end":{"line":58,"column":7}},"type":"if","locations":[{"start":{"line":56,"column":6},"end":{"line":58,"column":7}},{"start":{"line":56,"column":6},"end":{"line":58,"column":7}}],"line":56},"3":{"loc":{"start":{"line":60,"column":6},"end":{"line":62,"column":7}},"type":"if","locations":[{"start":{"line":60,"column":6},"end":{"line":62,"column":7}},{"start":{"line":60,"column":6},"end":{"line":62,"column":7}}],"line":60},"4":{"loc":{"start":{"line":143,"column":6},"end":{"line":146,"column":7}},"type":"if","locations":[{"start":{"line":143,"column":6},"end":{"line":146,"column":7}},{"start":{"line":143,"column":6},"end":{"line":146,"column":7}}],"line":143}},"s":{"0":1,"1":1,"2":1,"3":1,"4":1,"5":1,"6":1,"7":1,"8":1,"9":1,"10":1,"11":1,"12":1,"13":1,"14":1,"15":1,"16":11,"17":1,"18":11,"19":11,"20":1,"21":11,"22":1,"23":54,"24":1,"25":22,"26":22,"27":22,"28":44,"29":44,"30":11,"31":11,"32":11,"33":33,"34":22,"35":1,"36":30,"37":1,"38":10,"39":0,"40":10,"41":10,"42":10,"43":10,"44":10,"45":10,"46":30,"47":1,"48":11,"49":11,"50":11,"51":11,"52":11,"53":17,"54":11,"55":1,"56":5,"57":5,"58":5,"59":10,"60":10,"61":5,"62":1,"63":4,"64":4,"65":10,"66":0,"67":0,"68":3,"69":3,"70":4,"71":1,"72":2,"73":2,"74":4,"75":2,"76":2,"77":4,"78":4,"79":4,"80":2,"81":2,"82":1},"f":{"0":11,"1":11,"2":11,"3":54,"4":22,"5":44,"6":30,"7":10,"8":30,"9":11,"10":17,"11":5,"12":10,"13":4,"14":10,"15":0,"16":3,"17":2,"18":4,"19":4},"b":{"0":[11,33],"1":[0,10],"2":[10,0],"3":[10,0],"4":[4,0]},"_coverageSchema":"1a1c01bbd47fc00a2c39e90264f33305004495a9","hash":"ff3066a7df4e8a40c5caadf399662b16c7e7e913"}
}
