TN:
SF:index.js
FN:8,(anonymous_0)
FN:9,(anonymous_1)
FN:17,(anonymous_2)
FN:19,(anonymous_3)
FN:30,(anonymous_4)
FNF:5
FNH:2
FNDA:4,(anonymous_0)
FNDA:4,(anonymous_1)
FNDA:0,(anonymous_2)
FNDA:0,(anonymous_3)
FNDA:0,(anonymous_4)
DA:2,1
DA:3,1
DA:4,1
DA:6,1
DA:8,1
DA:9,4
DA:10,4
DA:11,4
DA:12,0
DA:14,4
DA:16,4
DA:17,1
DA:18,0
DA:19,0
DA:20,0
DA:21,0
DA:25,0
DA:26,0
DA:27,0
DA:29,3
DA:30,1
DA:31,0
DA:33,2
DA:34,1
DA:36,1
DA:50,1
LF:26
LH:17
BRDA:11,0,0,0
BRDA:11,0,1,4
BRDA:16,1,0,1
BRDA:16,1,1,3
BRDA:16,2,0,4
BRDA:16,2,1,2
BRDA:20,3,0,0
BRDA:20,3,1,0
BRDA:29,4,0,1
BRDA:29,4,1,2
BRDA:33,5,0,1
BRDA:33,5,1,1
BRF:12
BRH:9
end_of_record
TN:
SF:utils.js
FN:20,(anonymous_0)
FN:22,(anonymous_1)
FN:27,(anonymous_2)
FN:30,(anonymous_3)
FN:32,(anonymous_4)
FN:35,(anonymous_5)
FN:49,(anonymous_6)
FN:52,(anonymous_7)
FN:63,(anonymous_8)
FN:69,(anonymous_9)
FN:74,(anonymous_10)
FN:86,(anonymous_11)
FN:89,(anonymous_12)
FN:98,(anonymous_13)
FN:100,(anonymous_14)
FN:103,(anonymous_15)
FN:113,(anonymous_16)
FN:135,(anonymous_17)
FN:137,(anonymous_18)
FN:142,(anonymous_19)
FNF:20
FNH:19
FNDA:11,(anonymous_0)
FNDA:11,(anonymous_1)
FNDA:11,(anonymous_2)
FNDA:54,(anonymous_3)
FNDA:22,(anonymous_4)
FNDA:44,(anonymous_5)
FNDA:30,(anonymous_6)
FNDA:10,(anonymous_7)
FNDA:30,(anonymous_8)
FNDA:11,(anonymous_9)
FNDA:17,(anonymous_10)
FNDA:5,(anonymous_11)
FNDA:10,(anonymous_12)
FNDA:4,(anonymous_13)
FNDA:10,(anonymous_14)
FNDA:0,(anonymous_15)
FNDA:3,(anonymous_16)
FNDA:2,(anonymous_17)
FNDA:4,(anonymous_18)
FNDA:4,(anonymous_19)
DA:1,1
DA:2,1
DA:3,1
DA:4,1
DA:5,1
DA:6,1
DA:7,1
DA:8,1
DA:10,1
DA:11,1
DA:13,1
DA:14,1
DA:15,1
DA:16,1
DA:17,1
DA:20,11
DA:22,1
DA:23,11
DA:24,11
DA:27,11
DA:30,54
DA:32,1
DA:33,22
DA:34,22
DA:35,22
DA:36,44
DA:37,44
DA:38,11
DA:39,11
DA:40,11
DA:42,33
DA:45,22
DA:49,30
DA:52,1
DA:53,10
DA:54,0
DA:56,10
DA:57,10
DA:59,10
DA:60,10
DA:61,10
DA:63,30
DA:69,1
DA:70,11
DA:71,11
DA:72,11
DA:73,11
DA:74,11
DA:75,17
DA:82,11
DA:86,1
DA:87,5
DA:88,5
DA:89,5
DA:90,10
DA:91,10
DA:93,5
DA:98,1
DA:99,4
DA:100,4
DA:101,10
DA:104,0
DA:111,0
DA:114,3
DA:121,3
DA:125,4
DA:135,1
DA:136,2
DA:137,2
DA:138,4
DA:141,2
DA:142,2
DA:143,4
DA:144,4
DA:145,4
DA:149,2
DA:153,2
DA:157,1
LF:78
LH:75
BRDA:37,0,0,11
BRDA:37,0,1,33
BRDA:53,1,0,0
BRDA:53,1,1,10
BRDA:56,2,0,10
BRDA:56,2,1,0
BRDA:60,3,0,10
BRDA:60,3,1,0
BRDA:143,4,0,4
BRDA:143,4,1,0
BRF:10
BRH:6
end_of_record
